# JRE version: OpenJDK Runtime Environment (8.0_242-b01) (build 1.8.0_242-release-1644-b01)
# Java VM: OpenJDK 64-Bit Server VM (25.242-b01 mixed mode windows-amd64 compressed oops)
Heap:
 PSYoungGen      total 307200K, used 59845K [0x00000000d5580000, 0x00000000f1a00000, 0x0000000100000000)
  eden space 268288K, 16% used [0x00000000d5580000,0x00000000d80fab20,0x00000000e5b80000)
  from space 38912K, 39% used [0x00000000e5b80000,0x00000000e6a76c38,0x00000000e8180000)
  to   space 66048K, 0% used [0x00000000ed980000,0x00000000ed980000,0x00000000f1a00000)
 ParOldGen       total 252928K, used 128683K [0x0000000080000000, 0x000000008f700000, 0x00000000d5580000)
  object space 252928K, 50% used [0x0000000080000000,0x0000000087daad08,0x000000008f700000)
 Metaspace       used 80483K, capacity 84640K, committed 85528K, reserved 1122304K
  class space    used 11107K, capacity 11876K, committed 12072K, reserved 1048576K
GC Heap History (10 events):
Event: 18.154 GC heap before
{Heap before GC invocations=17 (full 3):
 PSYoungGen      total 187392K, used 170496K [0x00000000d5580000, 0x00000000e5980000, 0x0000000100000000)
  eden space 170496K, 100% used [0x00000000d5580000,0x00000000dfc00000,0x00000000dfc00000)
  from space 16896K, 0% used [0x00000000dfc00000,0x00000000dfc00000,0x00000000e0c80000)
  to   space 15872K, 0% used [0x00000000e4a00000,0x00000000e4a00000,0x00000000e5980000)
 ParOldGen       total 108032K, used 33637K [0x0000000080000000, 0x0000000086980000, 0x00000000d5580000)
  object space 108032K, 31% used [0x0000000080000000,0x00000000820d96f0,0x0000000086980000)
 Metaspace       used 63666K, capacity 66806K, committed 66968K, reserved 1107968K
  class space    used 8782K, capacity 9372K, committed 9384K, reserved 1048576K
Event: 18.179 GC heap after
Heap after GC invocations=17 (full 3):
 PSYoungGen      total 231424K, used 15251K [0x00000000d5580000, 0x00000000e5900000, 0x0000000100000000)
  eden space 216064K, 0% used [0x00000000d5580000,0x00000000d5580000,0x00000000e2880000)
  from space 15360K, 99% used [0x00000000e4a00000,0x00000000e58e4e28,0x00000000e5900000)
  to   space 17920K, 0% used [0x00000000e3600000,0x00000000e3600000,0x00000000e4780000)
 ParOldGen       total 108032K, used 33645K [0x0000000080000000, 0x0000000086980000, 0x00000000d5580000)
  object space 108032K, 31% used [0x0000000080000000,0x00000000820db6f0,0x0000000086980000)
 Metaspace       used 63666K, capacity 66806K, committed 66968K, reserved 1107968K
  class space    used 8782K, capacity 9372K, committed 9384K, reserved 1048576K
}
Event: 21.866 GC heap before
{Heap before GC invocations=18 (full 3):
 PSYoungGen      total 231424K, used 231315K [0x00000000d5580000, 0x00000000e5900000, 0x0000000100000000)
  eden space 216064K, 100% used [0x00000000d5580000,0x00000000e2880000,0x00000000e2880000)
  from space 15360K, 99% used [0x00000000e4a00000,0x00000000e58e4e28,0x00000000e5900000)
  to   space 17920K, 0% used [0x00000000e3600000,0x00000000e3600000,0x00000000e4780000)
 ParOldGen       total 108032K, used 33645K [0x0000000080000000, 0x0000000086980000, 0x00000000d5580000)
  object space 108032K, 31% used [0x0000000080000000,0x00000000820db6f0,0x0000000086980000)
 Metaspace       used 70958K, capacity 74446K, committed 74648K, reserved 1114112K
  class space    used 9663K, capacity 10355K, committed 10408K, reserved 1048576K
Event: 22.059 GC heap after
Heap after GC invocations=18 (full 3):
 PSYoungGen      total 247808K, used 17898K [0x00000000d5580000, 0x00000000e9b00000, 0x0000000100000000)
  eden space 229888K, 0% used [0x00000000d5580000,0x00000000d5580000,0x00000000e3600000)
  from space 17920K, 99% used [0x00000000e3600000,0x00000000e477aa30,0x00000000e4780000)
  to   space 26112K, 0% used [0x00000000e8180000,0x00000000e8180000,0x00000000e9b00000)
 ParOldGen       total 108032K, used 48853K [0x0000000080000000, 0x0000000086980000, 0x00000000d5580000)
  object space 108032K, 45% used [0x0000000080000000,0x0000000082fb5600,0x0000000086980000)
 Metaspace       used 70958K, capacity 74446K, committed 74648K, reserved 1114112K
  class space    used 9663K, capacity 10355K, committed 10408K, reserved 1048576K
}
Event: 23.833 GC heap before
{Heap before GC invocations=19 (full 3):
 PSYoungGen      total 247808K, used 247786K [0x00000000d5580000, 0x00000000e9b00000, 0x0000000100000000)
  eden space 229888K, 100% used [0x00000000d5580000,0x00000000e3600000,0x00000000e3600000)
  from space 17920K, 99% used [0x00000000e3600000,0x00000000e477aa30,0x00000000e4780000)
  to   space 26112K, 0% used [0x00000000e8180000,0x00000000e8180000,0x00000000e9b00000)
 ParOldGen       total 108032K, used 48853K [0x0000000080000000, 0x0000000086980000, 0x00000000d5580000)
  object space 108032K, 45% used [0x0000000080000000,0x0000000082fb5600,0x0000000086980000)
 Metaspace       used 77864K, capacity 81988K, committed 82328K, reserved 1120256K
  class space    used 10764K, capacity 11576K, committed 11688K, reserved 1048576K
Event: 23.979 GC heap after
Heap after GC invocations=19 (full 3):
 PSYoungGen      total 294400K, used 26087K [0x00000000d5580000, 0x00000000ed000000, 0x0000000100000000)
  eden space 268288K, 0% used [0x00000000d5580000,0x00000000d5580000,0x00000000e5b80000)
  from space 26112K, 99% used [0x00000000e8180000,0x00000000e9af9e98,0x00000000e9b00000)
  to   space 38912K, 0% used [0x00000000e5b80000,0x00000000e5b80000,0x00000000e8180000)
 ParOldGen       total 108032K, used 73099K [0x0000000080000000, 0x0000000086980000, 0x00000000d5580000)
  object space 108032K, 67% used [0x0000000080000000,0x0000000084762fd0,0x0000000086980000)
 Metaspace       used 77864K, capacity 81988K, committed 82328K, reserved 1120256K
  class space    used 10764K, capacity 11576K, committed 11688K, reserved 1048576K
}
Event: 27.997 GC heap before
{Heap before GC invocations=20 (full 3):
 PSYoungGen      total 294400K, used 294375K [0x00000000d5580000, 0x00000000ed000000, 0x0000000100000000)
  eden space 268288K, 100% used [0x00000000d5580000,0x00000000e5b80000,0x00000000e5b80000)
  from space 26112K, 99% used [0x00000000e8180000,0x00000000e9af9e98,0x00000000e9b00000)
  to   space 38912K, 0% used [0x00000000e5b80000,0x00000000e5b80000,0x00000000e8180000)
 ParOldGen       total 108032K, used 73099K [0x0000000080000000, 0x0000000086980000, 0x00000000d5580000)
  object space 108032K, 67% used [0x0000000080000000,0x0000000084762fd0,0x0000000086980000)
 Metaspace       used 80736K, capacity 85388K, committed 85528K, reserved 1122304K
  class space    used 11205K, capacity 12050K, committed 12072K, reserved 1048576K
Event: 28.197 GC heap after
Heap after GC invocations=20 (full 3):
 PSYoungGen      total 307200K, used 38895K [0x00000000d5580000, 0x00000000f1a00000, 0x0000000100000000)
  eden space 268288K, 0% used [0x00000000d5580000,0x00000000d5580000,0x00000000e5b80000)
  from space 38912K, 99% used [0x00000000e5b80000,0x00000000e817bf70,0x00000000e8180000)
  to   space 66048K, 0% used [0x00000000ed980000,0x00000000ed980000,0x00000000f1a00000)
 ParOldGen       total 129024K, used 128831K [0x0000000080000000, 0x0000000087e00000, 0x00000000d5580000)
  object space 129024K, 99% used [0x0000000080000000,0x0000000087dcfc08,0x0000000087e00000)
 Metaspace       used 80736K, capacity 85388K, committed 85528K, reserved 1122304K
  class space    used 11205K, capacity 12050K, committed 12072K, reserved 1048576K
}
Event: 28.198 GC heap before
{Heap before GC invocations=21 (full 4):
 PSYoungGen      total 307200K, used 38895K [0x00000000d5580000, 0x00000000f1a00000, 0x0000000100000000)
  eden space 268288K, 0% used [0x00000000d5580000,0x00000000d5580000,0x00000000e5b80000)
  from space 38912K, 99% used [0x00000000e5b80000,0x00000000e817bf70,0x00000000e8180000)
  to   space 66048K, 0% used [0x00000000ed980000,0x00000000ed980000,0x00000000f1a00000)
 ParOldGen       total 129024K, used 128831K [0x0000000080000000, 0x0000000087e00000, 0x00000000d5580000)
  object space 129024K, 99% used [0x0000000080000000,0x0000000087dcfc08,0x0000000087e00000)
 Metaspace       used 80736K, capacity 85388K, committed 85528K, reserved 1122304K
  class space    used 11205K, capacity 12050K, committed 12072K, reserved 1048576K
Event: 30.008 GC heap after
Heap after GC invocations=21 (full 4):
 PSYoungGen      total 307200K, used 15323K [0x00000000d5580000, 0x00000000f1a00000, 0x0000000100000000)
  eden space 268288K, 0% used [0x00000000d5580000,0x00000000d5580000,0x00000000e5b80000)
  from space 38912K, 39% used [0x00000000e5b80000,0x00000000e6a76c38,0x00000000e8180000)
  to   space 66048K, 0% used [0x00000000ed980000,0x00000000ed980000,0x00000000f1a00000)
 ParOldGen       total 252928K, used 128683K [0x0000000080000000, 0x000000008f700000, 0x00000000d5580000)
  object space 252928K, 50% used [0x0000000080000000,0x0000000087daad08,0x000000008f700000)
 Metaspace       used 80437K, capacity 84562K, committed 85528K, reserved 1122304K
  class space    used 11106K, capacity 11875K, committed 12072K, reserved 1048576K
}

